  particle_filter.cpp
c:\program files (x86)\microsoft visual studio 14.0\vc\include\xutility(2316): warning C4244: 'argument': conversion from 'double' to 'const float', possible loss of data
  c:\program files (x86)\microsoft visual studio 14.0\vc\include\xutility(2335): note: see reference to function template instantiation '_OutIt std::_Copy_unchecked1<_InIt,_OutIt>(_InIt,_InIt,_OutIt,std::_General_ptr_iterator_tag)' being compiled
          with
          [
              _OutIt=std::ostream_iterator<float,char,std::char_traits<char>>,
              _InIt=double *
          ]
  c:\program files (x86)\microsoft visual studio 14.0\vc\include\xutility(2344): note: see reference to function template instantiation '_OutIt std::_Copy_unchecked<_InIt,_Iter>(_InIt,_InIt,_OutIt)' being compiled
          with
          [
              _OutIt=std::ostream_iterator<float,char,std::char_traits<char>>,
              _InIt=double *,
              _Iter=std::ostream_iterator<float,char,std::char_traits<char>>
          ]
  c:\program files (x86)\microsoft visual studio 14.0\vc\include\xutility(2364): note: see reference to function template instantiation '_OutIt std::_Copy_no_deprecate1<double*,_OutIt>(_InIt,_InIt,_OutIt,std::input_iterator_tag,std::_Any_tag)' being compiled
          with
          [
              _OutIt=std::ostream_iterator<float,char,std::char_traits<char>>,
              _InIt=double *
          ]
  c:\program files (x86)\microsoft visual studio 14.0\vc\include\xutility(2373): note: see reference to function template instantiation '_OutIt std::_Copy_no_deprecate<_InIt,_OutIt>(_InIt,_InIt,_OutIt)' being compiled
          with
          [
              _OutIt=std::ostream_iterator<float,char,std::char_traits<char>>,
              _InIt=std::_Vector_iterator<std::_Vector_val<std::_Simple_types<double>>>
          ]
  d:\udacity\self driving car engineer\term2\carnd-kidnapped-vehicle-project\src\particle_filter.cpp(286): note: see reference to function template instantiation '_OutIt std::copy<std::_Vector_iterator<std::_Vector_val<std::_Simple_types<double>>>,std::ostream_iterator<float,char,std::char_traits<char>>>(_InIt,_InIt,_OutIt)' being compiled
          with
          [
              _OutIt=std::ostream_iterator<float,char,std::char_traits<char>>,
              _InIt=std::_Vector_iterator<std::_Vector_val<std::_Simple_types<double>>>
          ]
  Kidnapped_Vehicle.vcxproj -> D:\Udacity\Self Driving Car Engineer\Term2\CarND-Kidnapped-Vehicle-Project\x64\Debug\Kidnapped_Vehicle.exe
  Kidnapped_Vehicle.vcxproj -> D:\Udacity\Self Driving Car Engineer\Term2\CarND-Kidnapped-Vehicle-Project\x64\Debug\Kidnapped_Vehicle.pdb (Partial PDB)
